# JRE version: Java(TM) SE Runtime Environment (8.0_40-b25) (build 1.8.0_40-b25)
# Java VM: Java HotSpot(TM) 64-Bit Server VM (25.40-b25 mixed mode bsd-amd64 compressed oops)
Heap:
 PSYoungGen      total 452096K, used 103890K [0x000000076ab00000, 0x0000000788a00000, 0x00000007c0000000)
  eden space 443904K, 21% used [0x000000076ab00000,0x00000007708f1f30,0x0000000785c80000)
  from space 8192K, 93% used [0x0000000787c00000,0x0000000788382ba0,0x0000000788400000)
  to   space 6144K, 0% used [0x0000000788400000,0x0000000788400000,0x0000000788a00000)
 ParOldGen       total 169472K, used 20054K [0x00000006c0000000, 0x00000006ca580000, 0x000000076ab00000)
  object space 169472K, 11% used [0x00000006c0000000,0x00000006c1395898,0x00000006ca580000)
 Metaspace       used 38475K, capacity 50795K, committed 51120K, reserved 1087488K
  class space    used 9361K, capacity 13384K, committed 13488K, reserved 1048576K
GC Heap History (10 events):
Event: 6.518 GC heap before
{Heap before GC invocations=13 (full 1):
 PSYoungGen      total 242688K, used 234720K [0x000000076ab00000, 0x0000000780780000, 0x00000007c0000000)
  eden space 233984K, 100% used [0x000000076ab00000,0x0000000778f80000,0x0000000778f80000)
  from space 8704K, 8% used [0x0000000778f80000,0x0000000779038000,0x0000000779800000)
  to   space 9216K, 0% used [0x000000077fe80000,0x000000077fe80000,0x0000000780780000)
 ParOldGen       total 93184K, used 14205K [0x00000006c0000000, 0x00000006c5b00000, 0x000000076ab00000)
  object space 93184K, 15% used [0x00000006c0000000,0x00000006c0ddf468,0x00000006c5b00000)
 Metaspace       used 27866K, capacity 33125K, committed 33328K, reserved 1075200K
  class space    used 6317K, capacity 8161K, committed 8240K, reserved 1048576K
Event: 6.521 GC heap after
Heap after GC invocations=13 (full 1):
 PSYoungGen      total 345600K, used 2752K [0x000000076ab00000, 0x0000000780680000, 0x00000007c0000000)
  eden space 337408K, 0% used [0x000000076ab00000,0x000000076ab00000,0x000000077f480000)
  from space 8192K, 33% used [0x000000077fe80000,0x0000000780130000,0x0000000780680000)
  to   space 9216K, 0% used [0x000000077f480000,0x000000077f480000,0x000000077fd80000)
 ParOldGen       total 93184K, used 14873K [0x00000006c0000000, 0x00000006c5b00000, 0x000000076ab00000)
  object space 93184K, 15% used [0x00000006c0000000,0x00000006c0e866d8,0x00000006c5b00000)
 Metaspace       used 27866K, capacity 33125K, committed 33328K, reserved 1075200K
  class space    used 6317K, capacity 8161K, committed 8240K, reserved 1048576K
}
Event: 6.900 GC heap before
{Heap before GC invocations=14 (full 1):
 PSYoungGen      total 345600K, used 239050K [0x000000076ab00000, 0x0000000780680000, 0x00000007c0000000)
  eden space 337408K, 70% used [0x000000076ab00000,0x00000007791c2b20,0x000000077f480000)
  from space 8192K, 33% used [0x000000077fe80000,0x0000000780130000,0x0000000780680000)
  to   space 9216K, 0% used [0x000000077f480000,0x000000077f480000,0x000000077fd80000)
 ParOldGen       total 93184K, used 14873K [0x00000006c0000000, 0x00000006c5b00000, 0x000000076ab00000)
  object space 93184K, 15% used [0x00000006c0000000,0x00000006c0e866d8,0x00000006c5b00000)
 Metaspace       used 29280K, capacity 35397K, committed 35496K, reserved 1075200K
  class space    used 6768K, capacity 8909K, committed 9008K, reserved 1048576K
Event: 6.904 GC heap after
Heap after GC invocations=14 (full 1):
 PSYoungGen      total 346624K, used 3427K [0x000000076ab00000, 0x0000000789200000, 0x00000007c0000000)
  eden space 337408K, 0% used [0x000000076ab00000,0x000000076ab00000,0x000000077f480000)
  from space 9216K, 37% used [0x000000077f480000,0x000000077f7d8cd0,0x000000077fd80000)
  to   space 8704K, 0% used [0x0000000788980000,0x0000000788980000,0x0000000789200000)
 ParOldGen       total 93184K, used 17472K [0x00000006c0000000, 0x00000006c5b00000, 0x000000076ab00000)
  object space 93184K, 18% used [0x00000006c0000000,0x00000006c1110318,0x00000006c5b00000)
 Metaspace       used 29280K, capacity 35397K, committed 35496K, reserved 1075200K
  class space    used 6768K, capacity 8909K, committed 9008K, reserved 1048576K
}
Event: 6.904 GC heap before
{Heap before GC invocations=15 (full 2):
 PSYoungGen      total 346624K, used 3427K [0x000000076ab00000, 0x0000000789200000, 0x00000007c0000000)
  eden space 337408K, 0% used [0x000000076ab00000,0x000000076ab00000,0x000000077f480000)
  from space 9216K, 37% used [0x000000077f480000,0x000000077f7d8cd0,0x000000077fd80000)
  to   space 8704K, 0% used [0x0000000788980000,0x0000000788980000,0x0000000789200000)
 ParOldGen       total 93184K, used 17472K [0x00000006c0000000, 0x00000006c5b00000, 0x000000076ab00000)
  object space 93184K, 18% used [0x00000006c0000000,0x00000006c1110318,0x00000006c5b00000)
 Metaspace       used 29280K, capacity 35397K, committed 35496K, reserved 1075200K
  class space    used 6768K, capacity 8909K, committed 9008K, reserved 1048576K
Event: 7.121 GC heap after
Heap after GC invocations=15 (full 2):
 PSYoungGen      total 346624K, used 0K [0x000000076ab00000, 0x0000000789200000, 0x00000007c0000000)
  eden space 337408K, 0% used [0x000000076ab00000,0x000000076ab00000,0x000000077f480000)
  from space 9216K, 0% used [0x000000077f480000,0x000000077f480000,0x000000077fd80000)
  to   space 8704K, 0% used [0x0000000788980000,0x0000000788980000,0x0000000789200000)
 ParOldGen       total 169472K, used 20038K [0x00000006c0000000, 0x00000006ca580000, 0x000000076ab00000)
  object space 169472K, 11% used [0x00000006c0000000,0x00000006c1391898,0x00000006ca580000)
 Metaspace       used 29280K, capacity 35397K, committed 35496K, reserved 1075200K
  class space    used 6768K, capacity 8909K, committed 9008K, reserved 1048576K
}
Event: 8.015 GC heap before
{Heap before GC invocations=16 (full 2):
 PSYoungGen      total 346624K, used 337408K [0x000000076ab00000, 0x0000000789200000, 0x00000007c0000000)
  eden space 337408K, 100% used [0x000000076ab00000,0x000000077f480000,0x000000077f480000)
  from space 9216K, 0% used [0x000000077f480000,0x000000077f480000,0x000000077fd80000)
  to   space 8704K, 0% used [0x0000000788980000,0x0000000788980000,0x0000000789200000)
 ParOldGen       total 169472K, used 20038K [0x00000006c0000000, 0x00000006ca580000, 0x000000076ab00000)
  object space 169472K, 11% used [0x00000006c0000000,0x00000006c1391898,0x00000006ca580000)
 Metaspace       used 32296K, capacity 40341K, committed 40496K, reserved 1079296K
  class space    used 7580K, capacity 10265K, committed 10288K, reserved 1048576K
Event: 8.019 GC heap after
Heap after GC invocations=16 (full 2):
 PSYoungGen      total 394752K, used 3120K [0x000000076ab00000, 0x0000000788d00000, 0x00000007c0000000)
  eden space 391168K, 0% used [0x000000076ab00000,0x000000076ab00000,0x0000000782900000)
  from space 3584K, 87% used [0x0000000788980000,0x0000000788c8c020,0x0000000788d00000)
  to   space 8704K, 0% used [0x0000000787c00000,0x0000000787c00000,0x0000000788480000)
 ParOldGen       total 169472K, used 20046K [0x00000006c0000000, 0x00000006ca580000, 0x000000076ab00000)
  object space 169472K, 11% used [0x00000006c0000000,0x00000006c1393898,0x00000006ca580000)
 Metaspace       used 32296K, capacity 40341K, committed 40496K, reserved 1079296K
  class space    used 7580K, capacity 10265K, committed 10288K, reserved 1048576K
}
Event: 10.367 GC heap before
{Heap before GC invocations=17 (full 2):
 PSYoungGen      total 394752K, used 394288K [0x000000076ab00000, 0x0000000788d00000, 0x00000007c0000000)
  eden space 391168K, 100% used [0x000000076ab00000,0x0000000782900000,0x0000000782900000)
  from space 3584K, 87% used [0x0000000788980000,0x0000000788c8c020,0x0000000788d00000)
  to   space 8704K, 0% used [0x0000000787c00000,0x0000000787c00000,0x0000000788480000)
 ParOldGen       total 169472K, used 20046K [0x00000006c0000000, 0x00000006ca580000, 0x000000076ab00000)
  object space 169472K, 11% used [0x00000006c0000000,0x00000006c1393898,0x00000006ca580000)
 Metaspace       used 37742K, capacity 49673K, committed 49712K, reserved 1085440K
  class space    used 9160K, capacity 13079K, committed 13104K, reserved 1048576K
Event: 10.373 GC heap after
Heap after GC invocations=17 (full 2):
 PSYoungGen      total 452096K, used 7690K [0x000000076ab00000, 0x0000000788a00000, 0x00000007c0000000)
  eden space 443904K, 0% used [0x000000076ab00000,0x000000076ab00000,0x0000000785c80000)
  from space 8192K, 93% used [0x0000000787c00000,0x0000000788382ba0,0x0000000788400000)
  to   space 6144K, 0% used [0x0000000788400000,0x0000000788400000,0x0000000788a00000)
 ParOldGen       total 169472K, used 20054K [0x00000006c0000000, 0x00000006ca580000, 0x000000076ab00000)
  object space 169472K, 11% used [0x00000006c0000000,0x00000006c1395898,0x00000006ca580000)
 Metaspace       used 37742K, capacity 49673K, committed 49712K, reserved 1085440K
  class space    used 9160K, capacity 13079K, committed 13104K, reserved 1048576K
}

