# JRE version: Java(TM) SE Runtime Environment (8.0_40-b25) (build 1.8.0_40-b25)
# Java VM: Java HotSpot(TM) 64-Bit Server VM (25.40-b25 mixed mode bsd-amd64 compressed oops)
Heap:
 PSYoungGen      total 416256K, used 145558K [0x000000076ab00000, 0x0000000785b00000, 0x00000007c0000000)
  eden space 409088K, 33% used [0x000000076ab00000,0x000000077323b758,0x0000000783a80000)
  from space 7168K, 98% used [0x0000000784c80000,0x000000078536a308,0x0000000785380000)
  to   space 7680K, 0% used [0x0000000785380000,0x0000000785380000,0x0000000785b00000)
 ParOldGen       total 173056K, used 20154K [0x00000006c0000000, 0x00000006ca900000, 0x000000076ab00000)
  object space 173056K, 11% used [0x00000006c0000000,0x00000006c13ae9a8,0x00000006ca900000)
 Metaspace       used 38509K, capacity 50799K, committed 51120K, reserved 1087488K
  class space    used 9368K, capacity 13384K, committed 13488K, reserved 1048576K
GC Heap History (10 events):
Event: 6.696 GC heap before
{Heap before GC invocations=13 (full 1):
 PSYoungGen      total 226816K, used 218848K [0x000000076ab00000, 0x000000077eb80000, 0x00000007c0000000)
  eden space 218112K, 100% used [0x000000076ab00000,0x0000000778000000,0x0000000778000000)
  from space 8704K, 8% used [0x0000000778000000,0x00000007780b8000,0x0000000778880000)
  to   space 9216K, 0% used [0x000000077e280000,0x000000077e280000,0x000000077eb80000)
 ParOldGen       total 95744K, used 14157K [0x00000006c0000000, 0x00000006c5d80000, 0x000000076ab00000)
  object space 95744K, 14% used [0x00000006c0000000,0x00000006c0dd3748,0x00000006c5d80000)
 Metaspace       used 27855K, capacity 32985K, committed 33072K, reserved 1075200K
  class space    used 6319K, capacity 8161K, committed 8240K, reserved 1048576K
Event: 6.700 GC heap after
Heap after GC invocations=13 (full 1):
 PSYoungGen      total 316928K, used 2720K [0x000000076ab00000, 0x000000077ea80000, 0x00000007c0000000)
  eden space 308736K, 0% used [0x000000076ab00000,0x000000076ab00000,0x000000077d880000)
  from space 8192K, 33% used [0x000000077e280000,0x000000077e528000,0x000000077ea80000)
  to   space 9216K, 0% used [0x000000077d880000,0x000000077d880000,0x000000077e180000)
 ParOldGen       total 95744K, used 14782K [0x00000006c0000000, 0x00000006c5d80000, 0x000000076ab00000)
  object space 95744K, 15% used [0x00000006c0000000,0x00000006c0e6fa60,0x00000006c5d80000)
 Metaspace       used 27855K, capacity 32985K, committed 33072K, reserved 1075200K
  class space    used 6319K, capacity 8161K, committed 8240K, reserved 1048576K
}
Event: 7.279 GC heap before
{Heap before GC invocations=14 (full 1):
 PSYoungGen      total 316928K, used 303516K [0x000000076ab00000, 0x000000077ea80000, 0x00000007c0000000)
  eden space 308736K, 97% used [0x000000076ab00000,0x000000077d0bf0d8,0x000000077d880000)
  from space 8192K, 33% used [0x000000077e280000,0x000000077e528000,0x000000077ea80000)
  to   space 9216K, 0% used [0x000000077d880000,0x000000077d880000,0x000000077e180000)
 ParOldGen       total 95744K, used 14782K [0x00000006c0000000, 0x00000006c5d80000, 0x000000076ab00000)
  object space 95744K, 15% used [0x00000006c0000000,0x00000006c0e6fa60,0x00000006c5d80000)
 Metaspace       used 29340K, capacity 35385K, committed 35496K, reserved 1075200K
  class space    used 6787K, capacity 8929K, committed 9008K, reserved 1048576K
Event: 7.286 GC heap after
Heap after GC invocations=14 (full 1):
 PSYoungGen      total 317952K, used 3632K [0x000000076ab00000, 0x0000000786300000, 0x00000007c0000000)
  eden space 308736K, 0% used [0x000000076ab00000,0x000000076ab00000,0x000000077d880000)
  from space 9216K, 39% used [0x000000077d880000,0x000000077dc0c010,0x000000077e180000)
  to   space 8704K, 0% used [0x0000000785a80000,0x0000000785a80000,0x0000000786300000)
 ParOldGen       total 95744K, used 17355K [0x00000006c0000000, 0x00000006c5d80000, 0x000000076ab00000)
  object space 95744K, 18% used [0x00000006c0000000,0x00000006c10f2e58,0x00000006c5d80000)
 Metaspace       used 29340K, capacity 35385K, committed 35496K, reserved 1075200K
  class space    used 6787K, capacity 8929K, committed 9008K, reserved 1048576K
}
Event: 7.286 GC heap before
{Heap before GC invocations=15 (full 2):
 PSYoungGen      total 317952K, used 3632K [0x000000076ab00000, 0x0000000786300000, 0x00000007c0000000)
  eden space 308736K, 0% used [0x000000076ab00000,0x000000076ab00000,0x000000077d880000)
  from space 9216K, 39% used [0x000000077d880000,0x000000077dc0c010,0x000000077e180000)
  to   space 8704K, 0% used [0x0000000785a80000,0x0000000785a80000,0x0000000786300000)
 ParOldGen       total 95744K, used 17355K [0x00000006c0000000, 0x00000006c5d80000, 0x000000076ab00000)
  object space 95744K, 18% used [0x00000006c0000000,0x00000006c10f2e58,0x00000006c5d80000)
 Metaspace       used 29340K, capacity 35385K, committed 35496K, reserved 1075200K
  class space    used 6787K, capacity 8929K, committed 9008K, reserved 1048576K
Event: 7.514 GC heap after
Heap after GC invocations=15 (full 2):
 PSYoungGen      total 317952K, used 0K [0x000000076ab00000, 0x0000000786300000, 0x00000007c0000000)
  eden space 308736K, 0% used [0x000000076ab00000,0x000000076ab00000,0x000000077d880000)
  from space 9216K, 0% used [0x000000077d880000,0x000000077d880000,0x000000077e180000)
  to   space 8704K, 0% used [0x0000000785a80000,0x0000000785a80000,0x0000000786300000)
 ParOldGen       total 173056K, used 20138K [0x00000006c0000000, 0x00000006ca900000, 0x000000076ab00000)
  object space 173056K, 11% used [0x00000006c0000000,0x00000006c13aa9a8,0x00000006ca900000)
 Metaspace       used 29340K, capacity 35385K, committed 35496K, reserved 1075200K
  class space    used 6787K, capacity 8929K, committed 9008K, reserved 1048576K
}
Event: 8.353 GC heap before
{Heap before GC invocations=16 (full 2):
 PSYoungGen      total 317952K, used 308736K [0x000000076ab00000, 0x0000000786300000, 0x00000007c0000000)
  eden space 308736K, 100% used [0x000000076ab00000,0x000000077d880000,0x000000077d880000)
  from space 9216K, 0% used [0x000000077d880000,0x000000077d880000,0x000000077e180000)
  to   space 8704K, 0% used [0x0000000785a80000,0x0000000785a80000,0x0000000786300000)
 ParOldGen       total 173056K, used 20138K [0x00000006c0000000, 0x00000006ca900000, 0x000000076ab00000)
  object space 173056K, 11% used [0x00000006c0000000,0x00000006c13aa9a8,0x00000006ca900000)
 Metaspace       used 32211K, capacity 40061K, committed 40240K, reserved 1079296K
  class space    used 7566K, capacity 10245K, committed 10288K, reserved 1048576K
Event: 8.356 GC heap after
Heap after GC invocations=16 (full 2):
 PSYoungGen      total 362496K, used 3056K [0x000000076ab00000, 0x0000000785d80000, 0x00000007c0000000)
  eden space 359424K, 0% used [0x000000076ab00000,0x000000076ab00000,0x0000000780a00000)
  from space 3072K, 99% used [0x0000000785a80000,0x0000000785d7c020,0x0000000785d80000)
  to   space 8704K, 0% used [0x0000000784c80000,0x0000000784c80000,0x0000000785500000)
 ParOldGen       total 173056K, used 20146K [0x00000006c0000000, 0x00000006ca900000, 0x000000076ab00000)
  object space 173056K, 11% used [0x00000006c0000000,0x00000006c13ac9a8,0x00000006ca900000)
 Metaspace       used 32211K, capacity 40061K, committed 40240K, reserved 1079296K
  class space    used 7566K, capacity 10245K, committed 10288K, reserved 1048576K
}
Event: 10.645 GC heap before
{Heap before GC invocations=17 (full 2):
 PSYoungGen      total 362496K, used 362480K [0x000000076ab00000, 0x0000000785d80000, 0x00000007c0000000)
  eden space 359424K, 100% used [0x000000076ab00000,0x0000000780a00000,0x0000000780a00000)
  from space 3072K, 99% used [0x0000000785a80000,0x0000000785d7c020,0x0000000785d80000)
  to   space 8704K, 0% used [0x0000000784c80000,0x0000000784c80000,0x0000000785500000)
 ParOldGen       total 173056K, used 20146K [0x00000006c0000000, 0x00000006ca900000, 0x000000076ab00000)
  object space 173056K, 11% used [0x00000006c0000000,0x00000006c13ac9a8,0x00000006ca900000)
 Metaspace       used 37057K, capacity 48569K, committed 48816K, reserved 1085440K
  class space    used 8900K, capacity 12695K, committed 12720K, reserved 1048576K
Event: 10.651 GC heap after
Heap after GC invocations=17 (full 2):
 PSYoungGen      total 416256K, used 7080K [0x000000076ab00000, 0x0000000785b00000, 0x00000007c0000000)
  eden space 409088K, 0% used [0x000000076ab00000,0x000000076ab00000,0x0000000783a80000)
  from space 7168K, 98% used [0x0000000784c80000,0x000000078536a308,0x0000000785380000)
  to   space 7680K, 0% used [0x0000000785380000,0x0000000785380000,0x0000000785b00000)
 ParOldGen       total 173056K, used 20154K [0x00000006c0000000, 0x00000006ca900000, 0x000000076ab00000)
  object space 173056K, 11% used [0x00000006c0000000,0x00000006c13ae9a8,0x00000006ca900000)
 Metaspace       used 37057K, capacity 48569K, committed 48816K, reserved 1085440K
  class space    used 8900K, capacity 12695K, committed 12720K, reserved 1048576K
}

